
> zimconnect-frontend@1.0.0 start
> http-server -p 3001

Starting up http-server, serving ./

http-server version: 14.1.1

http-server settings: 
CORS: disabled
Cache: 3600 seconds
Connection Timeout: 120 seconds
Directory Listings: visible
AutoIndex: visible
Serve GZIP Files: false
Serve Brotli Files: false
Default File Extension: none

Available on:
  http://127.0.0.1:3001
  http://192.168.0.49:3001
Hit CTRL-C to stop the server

[2025-01-14T19:12:44.305Z]  "GET /login" "Mozilla/5.0 (X11; Ubuntu; Linux x86_64; rv:134.0) Gecko/20100101 Firefox/134.0"
(node:647056) [DEP0066] DeprecationWarning: OutgoingMessage.prototype._headers is deprecated
(Use `node --trace-deprecation ...` to show where the warning was created)
[2025-01-14T19:12:44.710Z]  "GET /css/styles.css" "Mozilla/5.0 (X11; Ubuntu; Linux x86_64; rv:134.0) Gecko/20100101 Firefox/134.0"
[2025-01-14T19:12:44.745Z]  "GET /js/auth.js" "Mozilla/5.0 (X11; Ubuntu; Linux x86_64; rv:134.0) Gecko/20100101 Firefox/134.0"
[2025-01-14T19:13:20.456Z]  "GET /index.html" "Mozilla/5.0 (X11; Ubuntu; Linux x86_64; rv:134.0) Gecko/20100101 Firefox/134.0"
[2025-01-14T19:13:20.751Z]  "GET /js/scripts.js" "Mozilla/5.0 (X11; Ubuntu; Linux x86_64; rv:134.0) Gecko/20100101 Firefox/134.0"
[2025-01-14T19:13:40.755Z]  "GET /login.html" "Mozilla/5.0 (X11; Ubuntu; Linux x86_64; rv:134.0) Gecko/20100101 Firefox/134.0"
http-server stopped.
